{
  "stats": {
    "suites": 1,
    "tests": 2,
    "passes": 2,
    "pending": 0,
    "failures": 0,
    "start": "2025-10-21T17:09:43.224Z",
    "end": "2025-10-21T17:09:50.869Z",
    "duration": 7645,
    "testsRegistered": 2,
    "passPercent": 100,
    "pendingPercent": 0,
    "other": 0,
    "hasOther": false,
    "skipped": 0,
    "hasSkipped": false
  },
  "results": [
    {
      "uuid": "0676c912-121c-445b-932a-6ce570f19c01",
      "title": "",
      "fullFile": "cypress\\e2e\\cadastro-correto.cy.js",
      "file": "cypress\\e2e\\cadastro-correto.cy.js",
      "beforeHooks": [],
      "afterHooks": [],
      "tests": [
        {
          "title": "teste",
          "fullTitle": "teste",
          "timedOut": null,
          "duration": 1497,
          "state": "passed",
          "speed": "fast",
          "pass": true,
          "fail": false,
          "pending": false,
          "context": null,
          "code": "cy.visit('https://adopet-frontend-cypress.vercel.app/');",
          "err": {},
          "uuid": "b2986275-38ab-420c-acf5-04b1d44445e2",
          "parentUUID": "0676c912-121c-445b-932a-6ce570f19c01",
          "isHook": false,
          "skipped": false
        }
      ],
      "suites": [
        {
          "uuid": "ffed66c3-39c4-4c24-9709-fa2e0768c5e4",
          "title": "Página de Cadastro",
          "fullFile": "",
          "file": "",
          "beforeHooks": [],
          "afterHooks": [],
          "tests": [
            {
              "title": "Deve preencher os campos do formulário corretamente para cadastrar um novo usuário",
              "fullTitle": "Página de Cadastro Deve preencher os campos do formulário corretamente para cadastrar um novo usuário",
              "timedOut": null,
              "duration": 3532,
              "state": "passed",
              "speed": "fast",
              "pass": true,
              "fail": false,
              "pending": false,
              "context": null,
              "code": "cy.cadastrar('Joao Paulo', 'joaop@email.com', 'Senha123', \"Senha123\");",
              "err": {},
              "uuid": "6fdac751-f9df-4c24-b6c2-2bde404e38eb",
              "parentUUID": "ffed66c3-39c4-4c24-9709-fa2e0768c5e4",
              "isHook": false,
              "skipped": false
            }
          ],
          "suites": [],
          "passes": [
            "6fdac751-f9df-4c24-b6c2-2bde404e38eb"
          ],
          "failures": [],
          "pending": [],
          "skipped": [],
          "duration": 3532,
          "root": false,
          "rootEmpty": false,
          "_timeout": 2000
        }
      ],
      "passes": [
        "b2986275-38ab-420c-acf5-04b1d44445e2"
      ],
      "failures": [],
      "pending": [],
      "skipped": [],
      "duration": 1497,
      "root": true,
      "rootEmpty": false,
      "_timeout": 2000
    }
  ],
  "meta": {
    "mocha": {
      "version": "7.2.0"
    },
    "mochawesome": {
      "options": {
        "quiet": false,
        "reportFilename": "mochawesome",
        "saveHtml": true,
        "saveJson": true,
        "consoleReporter": "spec",
        "useInlineDiffs": false,
        "code": true
      },
      "version": "7.1.4"
    },
    "marge": {
      "options": {
        "reportDir": "cypress/results",
        "overwrite": false,
        "html": true,
        "json": true,
        "timestamp": "mmddyyyy_HHMMss"
      },
      "version": "6.3.0"
    }
  }
}