{
  "stats": {
    "suites": 1,
    "tests": 1,
    "passes": 1,
    "pending": 0,
    "failures": 0,
    "start": "2025-10-21T17:00:35.989Z",
    "end": "2025-10-21T17:00:45.858Z",
    "duration": 9869,
    "testsRegistered": 1,
    "passPercent": 100,
    "pendingPercent": 0,
    "other": 0,
    "hasOther": false,
    "skipped": 0,
    "hasSkipped": false
  },
  "results": [
    {
      "uuid": "6fdb4590-0d48-4d62-8be0-5ab60000730e",
      "title": "",
      "fullFile": "cypress\\e2e\\login-correto.cy.js",
      "file": "cypress\\e2e\\login-correto.cy.js",
      "beforeHooks": [],
      "afterHooks": [],
      "tests": [],
      "suites": [
        {
          "uuid": "e2075e5d-bc89-4d48-9c65-b64da4bb4020",
          "title": "Páginas de login",
          "fullFile": "",
          "file": "",
          "beforeHooks": [],
          "afterHooks": [],
          "tests": [
            {
              "title": "Deve preencher os campos do login corretamente e autenticar o usuário na página",
              "fullTitle": "Páginas de login Deve preencher os campos do login corretamente e autenticar o usuário na página",
              "timedOut": null,
              "duration": 5555,
              "state": "passed",
              "speed": "medium",
              "pass": true,
              "fail": false,
              "pending": false,
              "context": null,
              "code": "cy.login('carlosbeto@email.com', 'Senha123');\ncy.contains('Olá!').should('be.visible');",
              "err": {},
              "uuid": "e71b5ec0-20f6-4f8b-81fd-014893e98e0d",
              "parentUUID": "e2075e5d-bc89-4d48-9c65-b64da4bb4020",
              "isHook": false,
              "skipped": false
            }
          ],
          "suites": [],
          "passes": [
            "e71b5ec0-20f6-4f8b-81fd-014893e98e0d"
          ],
          "failures": [],
          "pending": [],
          "skipped": [],
          "duration": 5555,
          "root": false,
          "rootEmpty": false,
          "_timeout": 2000
        }
      ],
      "passes": [],
      "failures": [],
      "pending": [],
      "skipped": [],
      "duration": 0,
      "root": true,
      "rootEmpty": true,
      "_timeout": 2000
    }
  ],
  "meta": {
    "mocha": {
      "version": "7.2.0"
    },
    "mochawesome": {
      "options": {
        "quiet": false,
        "reportFilename": "mochawesome",
        "saveHtml": true,
        "saveJson": true,
        "consoleReporter": "spec",
        "useInlineDiffs": false,
        "code": true
      },
      "version": "7.1.4"
    },
    "marge": {
      "options": {
        "reportDir": "cypress/results",
        "overwrite": false,
        "html": true,
        "json": true,
        "timestamp": "mmddyyyy_HHMMss"
      },
      "version": "6.3.0"
    }
  }
}