{
  "stats": {
    "suites": 1,
    "tests": 1,
    "passes": 0,
    "pending": 0,
    "failures": 1,
    "start": "2025-10-23T21:55:06.855Z",
    "end": "2025-10-23T21:55:37.218Z",
    "duration": 30363,
    "testsRegistered": 1,
    "passPercent": 0,
    "pendingPercent": 0,
    "other": 0,
    "hasOther": false,
    "skipped": 0,
    "hasSkipped": false
  },
  "results": [
    {
      "uuid": "ff292049-514f-45d4-852d-4c3357dbec84",
      "title": "",
      "fullFile": "cypress\\e2e\\api-mensagens.cy.js",
      "file": "cypress\\e2e\\api-mensagens.cy.js",
      "beforeHooks": [],
      "afterHooks": [],
      "tests": [],
      "suites": [
        {
          "uuid": "e48b428f-37cc-4a98-9675-52072c2a5409",
          "title": "Api Adopet",
          "fullFile": "",
          "file": "",
          "beforeHooks": [],
          "afterHooks": [],
          "tests": [
            {
              "title": "Mensagens da API",
              "fullTitle": "Api Adopet Mensagens da API",
              "timedOut": null,
              "duration": 30288,
              "state": "failed",
              "speed": null,
              "pass": false,
              "fail": true,
              "pending": false,
              "context": null,
              "code": "cy.request({\n  method: 'GET',\n  url: 'https://adopet-api-i8qu.onrender.com/mensagem/4abfe424-fbac-4f73-8ede-a3083abf0ab7',\n  headers: Cypress.env()\n}).then(res => {\n  expect(res.status).to.be.equal(200);\n  expect(res.body).is.not.empty;\n  expect(res.body).to.have.property('msg');\n});",
              "err": {
                "message": "CypressError: `cy.request()` timed out waiting `30000ms` for a response from your server.\n\nThe request we sent was:\n\nMethod: GET\nURL: https://adopet-api-i8qu.onrender.com/mensagem/4abfe424-fbac-4f73-8ede-a3083abf0ab7\n\nNo response was received within the timeout.\n\nhttps://on.cypress.io/request",
                "estack": "CypressError: `cy.request()` timed out waiting `30000ms` for a response from your server.\n\nThe request we sent was:\n\nMethod: GET\nURL: https://adopet-api-i8qu.onrender.com/mensagem/4abfe424-fbac-4f73-8ede-a3083abf0ab7\n\nNo response was received within the timeout.\n\nhttps://on.cypress.io/request\n    at <unknown> (http://localhost:54420/__cypress/runner/cypress_runner.js:135702:70)\n    at tryCatcher (http://localhost:54420/__cypress/runner/cypress_runner.js:1777:23)\n    at <unknown> (http://localhost:54420/__cypress/runner/cypress_runner.js:4156:41)\n    at tryCatcher (http://localhost:54420/__cypress/runner/cypress_runner.js:1777:23)\n    at Promise._settlePromiseFromHandler (http://localhost:54420/__cypress/runner/cypress_runner.js:1489:31)\n    at Promise._settlePromise (http://localhost:54420/__cypress/runner/cypress_runner.js:1546:18)\n    at Promise._settlePromise0 (http://localhost:54420/__cypress/runner/cypress_runner.js:1591:10)\n    at Promise._settlePromises (http://localhost:54420/__cypress/runner/cypress_runner.js:1667:18)\n    at _drainQueueStep (http://localhost:54420/__cypress/runner/cypress_runner.js:2377:12)\n    at _drainQueue (http://localhost:54420/__cypress/runner/cypress_runner.js:2370:9)\n    at Async._drainQueues (http://localhost:54420/__cypress/runner/cypress_runner.js:2386:5)\n    at Async.drainQueues (http://localhost:54420/__cypress/runner/cypress_runner.js:2256:14)\nFrom Your Spec Code:\n    at Context.eval (webpack://curso_cypress/./cypress/e2e/api-mensagens.cy.js:6:11)",
                "diff": null
              },
              "uuid": "b14c58a6-e67b-4cdb-ac96-9ff6ac7e7e51",
              "parentUUID": "e48b428f-37cc-4a98-9675-52072c2a5409",
              "isHook": false,
              "skipped": false
            }
          ],
          "suites": [],
          "passes": [],
          "failures": [
            "b14c58a6-e67b-4cdb-ac96-9ff6ac7e7e51"
          ],
          "pending": [],
          "skipped": [],
          "duration": 30288,
          "root": false,
          "rootEmpty": false,
          "_timeout": 2000
        }
      ],
      "passes": [],
      "failures": [],
      "pending": [],
      "skipped": [],
      "duration": 0,
      "root": true,
      "rootEmpty": true,
      "_timeout": 2000
    }
  ],
  "meta": {
    "mocha": {
      "version": "7.2.0"
    },
    "mochawesome": {
      "options": {
        "quiet": false,
        "reportFilename": "mochawesome",
        "saveHtml": true,
        "saveJson": true,
        "consoleReporter": "spec",
        "useInlineDiffs": false,
        "code": true
      },
      "version": "7.1.4"
    },
    "marge": {
      "options": {
        "reportDir": "cypress/results",
        "overwrite": false,
        "html": true,
        "json": true,
        "timestamp": "mmddyyyy_HHMMss"
      },
      "version": "6.3.0"
    }
  }
}