{
  "stats": {
    "suites": 1,
    "tests": 1,
    "passes": 1,
    "pending": 0,
    "failures": 0,
    "start": "2025-10-22T22:36:07.599Z",
    "end": "2025-10-22T22:36:08.900Z",
    "duration": 1301,
    "testsRegistered": 1,
    "passPercent": 100,
    "pendingPercent": 0,
    "other": 0,
    "hasOther": false,
    "skipped": 0,
    "hasSkipped": false
  },
  "results": [
    {
      "uuid": "fd9af832-ac86-405f-a255-571ad60ed195",
      "title": "",
      "fullFile": "cypress\\e2e\\api-mensagens.cy.js",
      "file": "cypress\\e2e\\api-mensagens.cy.js",
      "beforeHooks": [],
      "afterHooks": [],
      "tests": [],
      "suites": [
        {
          "uuid": "b8320a3f-25ba-4bba-a472-431529ffde35",
          "title": "Api Adopet",
          "fullFile": "",
          "file": "",
          "beforeHooks": [],
          "afterHooks": [],
          "tests": [
            {
              "title": "Mensagens da API",
              "fullTitle": "Api Adopet Mensagens da API",
              "timedOut": null,
              "duration": 1215,
              "state": "passed",
              "speed": "fast",
              "pass": true,
              "fail": false,
              "pending": false,
              "context": null,
              "code": "cy.request({\n  method: 'GET',\n  url: 'https://adopet-api-i8qu.onrender.com/mensagem/4abfe424-fbac-4f73-8ede-a3083abf0ab7',\n  headers: {\n    authorization\n  }\n}).then(res => {\n  expect(res.status).to.be.equal(200);\n  expect(res.body).is.not.empty;\n  expect(res.body).to.have.property('msg');\n});",
              "err": {},
              "uuid": "d559558c-e8a8-4a41-8a72-6b38793c2e8d",
              "parentUUID": "b8320a3f-25ba-4bba-a472-431529ffde35",
              "isHook": false,
              "skipped": false
            }
          ],
          "suites": [],
          "passes": [
            "d559558c-e8a8-4a41-8a72-6b38793c2e8d"
          ],
          "failures": [],
          "pending": [],
          "skipped": [],
          "duration": 1215,
          "root": false,
          "rootEmpty": false,
          "_timeout": 2000
        }
      ],
      "passes": [],
      "failures": [],
      "pending": [],
      "skipped": [],
      "duration": 0,
      "root": true,
      "rootEmpty": true,
      "_timeout": 2000
    }
  ],
  "meta": {
    "mocha": {
      "version": "7.2.0"
    },
    "mochawesome": {
      "options": {
        "quiet": false,
        "reportFilename": "mochawesome",
        "saveHtml": true,
        "saveJson": true,
        "consoleReporter": "spec",
        "useInlineDiffs": false,
        "code": true
      },
      "version": "7.1.4"
    },
    "marge": {
      "options": {
        "reportDir": "cypress/results",
        "overwrite": false,
        "html": true,
        "json": true,
        "timestamp": "mmddyyyy_HHMMss"
      },
      "version": "6.3.0"
    }
  }
}