{
  "stats": {
    "suites": 1,
    "tests": 2,
    "passes": 2,
    "pending": 0,
    "failures": 0,
    "start": "2025-10-21T16:54:40.506Z",
    "end": "2025-10-21T16:54:51.254Z",
    "duration": 10748,
    "testsRegistered": 2,
    "passPercent": 100,
    "pendingPercent": 0,
    "other": 0,
    "hasOther": false,
    "skipped": 0,
    "hasSkipped": false
  },
  "results": [
    {
      "uuid": "01aa95e1-d22f-4868-8ef4-f073c2bd8024",
      "title": "",
      "fullFile": "cypress\\e2e\\cadastro-correto.cy.js",
      "file": "cypress\\e2e\\cadastro-correto.cy.js",
      "beforeHooks": [],
      "afterHooks": [],
      "tests": [
        {
          "title": "teste",
          "fullTitle": "teste",
          "timedOut": null,
          "duration": 1698,
          "state": "passed",
          "speed": "fast",
          "pass": true,
          "fail": false,
          "pending": false,
          "context": null,
          "code": "cy.visit('https://adopet-frontend-cypress.vercel.app/');",
          "err": {},
          "uuid": "c6416be3-06de-434c-9f0b-e29bdc875dba",
          "parentUUID": "01aa95e1-d22f-4868-8ef4-f073c2bd8024",
          "isHook": false,
          "skipped": false
        }
      ],
      "suites": [
        {
          "uuid": "495713ff-3c50-4f47-972e-31d64b92f975",
          "title": "Página de Cadastro",
          "fullFile": "",
          "file": "",
          "beforeHooks": [],
          "afterHooks": [],
          "tests": [
            {
              "title": "Deve preencher os campos do formulário corretamente para cadastrar um novo usuário",
              "fullTitle": "Página de Cadastro Deve preencher os campos do formulário corretamente para cadastrar um novo usuário",
              "timedOut": null,
              "duration": 4587,
              "state": "passed",
              "speed": "fast",
              "pass": true,
              "fail": false,
              "pending": false,
              "context": null,
              "code": "cy.cadastrar('Joao Paulo', 'joaop@email.com', 'Senha123', \"Senha123\");",
              "err": {},
              "uuid": "727c9845-fbce-4e1b-84e5-e35ea6412053",
              "parentUUID": "495713ff-3c50-4f47-972e-31d64b92f975",
              "isHook": false,
              "skipped": false
            }
          ],
          "suites": [],
          "passes": [
            "727c9845-fbce-4e1b-84e5-e35ea6412053"
          ],
          "failures": [],
          "pending": [],
          "skipped": [],
          "duration": 4587,
          "root": false,
          "rootEmpty": false,
          "_timeout": 2000
        }
      ],
      "passes": [
        "c6416be3-06de-434c-9f0b-e29bdc875dba"
      ],
      "failures": [],
      "pending": [],
      "skipped": [],
      "duration": 1698,
      "root": true,
      "rootEmpty": false,
      "_timeout": 2000
    }
  ],
  "meta": {
    "mocha": {
      "version": "7.2.0"
    },
    "mochawesome": {
      "options": {
        "quiet": false,
        "reportFilename": "mochawesome",
        "saveHtml": true,
        "saveJson": true,
        "consoleReporter": "spec",
        "useInlineDiffs": false,
        "code": true
      },
      "version": "7.1.4"
    },
    "marge": {
      "options": {
        "reportDir": "cypress/results",
        "overwrite": false,
        "html": true,
        "json": true,
        "timestamp": "mmddyyyy_HHMMss"
      },
      "version": "6.3.0"
    }
  }
}