{
  "stats": {
    "suites": 1,
    "tests": 1,
    "passes": 1,
    "pending": 0,
    "failures": 0,
    "start": "2025-10-23T21:56:44.005Z",
    "end": "2025-10-23T21:56:46.980Z",
    "duration": 2975,
    "testsRegistered": 1,
    "passPercent": 100,
    "pendingPercent": 0,
    "other": 0,
    "hasOther": false,
    "skipped": 0,
    "hasSkipped": false
  },
  "results": [
    {
      "uuid": "2da0b07a-c79d-45b8-b08a-07e655265884",
      "title": "",
      "fullFile": "cypress\\e2e\\filtro.cy.js",
      "file": "cypress\\e2e\\filtro.cy.js",
      "beforeHooks": [],
      "afterHooks": [],
      "tests": [],
      "suites": [
        {
          "uuid": "40b0fe1a-7753-44a6-998f-3be59be457f5",
          "title": "Exemplo todo filtros",
          "fullFile": "",
          "file": "",
          "beforeHooks": [],
          "afterHooks": [],
          "tests": [
            {
              "title": "filtros",
              "fullTitle": "Exemplo todo filtros filtros",
              "timedOut": null,
              "duration": 1051,
              "state": "passed",
              "speed": "fast",
              "pass": true,
              "fail": false,
              "pending": false,
              "context": null,
              "code": "cy.get('li:nth-child(1) input.toggle').check();\ncy.get('a[href=\"#/active\"]').click();\ncy.contains('Walk the dog').should('be.visible');\ncy.get('a[href=\"#/completed\"]').click();\ncy.contains('Pay electric bill').should('be.visible');\ncy.get('a[href=\"#/\"]').click();\ncy.get('.todo-list li').should('have.length', 2);",
              "err": {},
              "uuid": "0e1734ba-03e6-4011-8ea2-3e50b559b393",
              "parentUUID": "40b0fe1a-7753-44a6-998f-3be59be457f5",
              "isHook": false,
              "skipped": false
            }
          ],
          "suites": [],
          "passes": [
            "0e1734ba-03e6-4011-8ea2-3e50b559b393"
          ],
          "failures": [],
          "pending": [],
          "skipped": [],
          "duration": 1051,
          "root": false,
          "rootEmpty": false,
          "_timeout": 2000
        }
      ],
      "passes": [],
      "failures": [],
      "pending": [],
      "skipped": [],
      "duration": 0,
      "root": true,
      "rootEmpty": true,
      "_timeout": 2000
    }
  ],
  "meta": {
    "mocha": {
      "version": "7.2.0"
    },
    "mochawesome": {
      "options": {
        "quiet": false,
        "reportFilename": "mochawesome",
        "saveHtml": true,
        "saveJson": true,
        "consoleReporter": "spec",
        "useInlineDiffs": false,
        "code": true
      },
      "version": "7.1.4"
    },
    "marge": {
      "options": {
        "reportDir": "cypress/results",
        "overwrite": false,
        "html": true,
        "json": true,
        "timestamp": "mmddyyyy_HHMMss"
      },
      "version": "6.3.0"
    }
  }
}