{
  "stats": {
    "suites": 1,
    "tests": 1,
    "passes": 1,
    "pending": 0,
    "failures": 0,
    "start": "2025-10-21T16:55:07.545Z",
    "end": "2025-10-21T16:55:14.839Z",
    "duration": 7294,
    "testsRegistered": 1,
    "passPercent": 100,
    "pendingPercent": 0,
    "other": 0,
    "hasOther": false,
    "skipped": 0,
    "hasSkipped": false
  },
  "results": [
    {
      "uuid": "443e3c21-4b88-431d-818d-e362ac6ff4be",
      "title": "",
      "fullFile": "cypress\\e2e\\login-correto.cy.js",
      "file": "cypress\\e2e\\login-correto.cy.js",
      "beforeHooks": [],
      "afterHooks": [],
      "tests": [],
      "suites": [
        {
          "uuid": "e98c32b6-1c08-431e-b6b8-099e3840a7a7",
          "title": "Páginas de login",
          "fullFile": "",
          "file": "",
          "beforeHooks": [],
          "afterHooks": [],
          "tests": [
            {
              "title": "Deve preencher os campos do login corretamente e autenticar o usuário na página",
              "fullTitle": "Páginas de login Deve preencher os campos do login corretamente e autenticar o usuário na página",
              "timedOut": null,
              "duration": 4445,
              "state": "passed",
              "speed": "fast",
              "pass": true,
              "fail": false,
              "pending": false,
              "context": null,
              "code": "cy.login('carlosbeto@email.com', 'Senha123');\ncy.contains('Olá!').should('be.visible');",
              "err": {},
              "uuid": "ca82713a-5cc9-41c1-802e-5e196076c3b6",
              "parentUUID": "e98c32b6-1c08-431e-b6b8-099e3840a7a7",
              "isHook": false,
              "skipped": false
            }
          ],
          "suites": [],
          "passes": [
            "ca82713a-5cc9-41c1-802e-5e196076c3b6"
          ],
          "failures": [],
          "pending": [],
          "skipped": [],
          "duration": 4445,
          "root": false,
          "rootEmpty": false,
          "_timeout": 2000
        }
      ],
      "passes": [],
      "failures": [],
      "pending": [],
      "skipped": [],
      "duration": 0,
      "root": true,
      "rootEmpty": true,
      "_timeout": 2000
    }
  ],
  "meta": {
    "mocha": {
      "version": "7.2.0"
    },
    "mochawesome": {
      "options": {
        "quiet": false,
        "reportFilename": "mochawesome",
        "saveHtml": true,
        "saveJson": true,
        "consoleReporter": "spec",
        "useInlineDiffs": false,
        "code": true
      },
      "version": "7.1.4"
    },
    "marge": {
      "options": {
        "reportDir": "cypress/results",
        "overwrite": false,
        "html": true,
        "json": true,
        "timestamp": "mmddyyyy_HHMMss"
      },
      "version": "6.3.0"
    }
  }
}