{
  "stats": {
    "suites": 1,
    "tests": 6,
    "passes": 6,
    "pending": 0,
    "failures": 0,
    "start": "2025-10-23T21:56:07.943Z",
    "end": "2025-10-23T21:56:33.367Z",
    "duration": 25424,
    "testsRegistered": 6,
    "passPercent": 100,
    "pendingPercent": 0,
    "other": 0,
    "hasOther": false,
    "skipped": 0,
    "hasSkipped": false
  },
  "results": [
    {
      "uuid": "98ba9e18-a403-41d7-8886-bfe5594d05bf",
      "title": "",
      "fullFile": "cypress\\e2e\\cadastro-massa.cy.js",
      "file": "cypress\\e2e\\cadastro-massa.cy.js",
      "beforeHooks": [],
      "afterHooks": [],
      "tests": [],
      "suites": [
        {
          "uuid": "f058fafb-7c8e-4026-85e5-09e560946c6c",
          "title": "Página de cadastro",
          "fullFile": "",
          "file": "",
          "beforeHooks": [],
          "afterHooks": [],
          "tests": [
            {
              "title": "Deve preencher os camps do formulario corretamente para cadastrar um novo usuário",
              "fullTitle": "Página de cadastro Deve preencher os camps do formulario corretamente para cadastrar um novo usuário",
              "timedOut": null,
              "duration": 4138,
              "state": "passed",
              "speed": "fast",
              "pass": true,
              "fail": false,
              "pending": false,
              "context": null,
              "code": "cy.get('[data-test=\"input-name\"]').clear().type(usuarios.name);\ncy.get('[data-test=\"input-email\"]').clear().type(usuarios.email);\ncy.get('[data-test=\"input-password\"]').clear().type(usuarios.password);\ncy.get('[data-test=\"input-confirm-password\"]').clear().type(usuarios.password);\ncy.get('[data-test=\"submit-button\"]').click();",
              "err": {},
              "uuid": "f92a64f4-8417-4d5b-880f-c7f3a369ac50",
              "parentUUID": "f058fafb-7c8e-4026-85e5-09e560946c6c",
              "isHook": false,
              "skipped": false
            },
            {
              "title": "Deve preencher os camps do formulario corretamente para cadastrar um novo usuário",
              "fullTitle": "Página de cadastro Deve preencher os camps do formulario corretamente para cadastrar um novo usuário",
              "timedOut": null,
              "duration": 3752,
              "state": "passed",
              "speed": "fast",
              "pass": true,
              "fail": false,
              "pending": false,
              "context": null,
              "code": "cy.get('[data-test=\"input-name\"]').clear().type(usuarios.name);\ncy.get('[data-test=\"input-email\"]').clear().type(usuarios.email);\ncy.get('[data-test=\"input-password\"]').clear().type(usuarios.password);\ncy.get('[data-test=\"input-confirm-password\"]').clear().type(usuarios.password);\ncy.get('[data-test=\"submit-button\"]').click();",
              "err": {},
              "uuid": "900b585c-562c-4826-bec4-094804bb4b1d",
              "parentUUID": "f058fafb-7c8e-4026-85e5-09e560946c6c",
              "isHook": false,
              "skipped": false
            },
            {
              "title": "Deve preencher os camps do formulario corretamente para cadastrar um novo usuário",
              "fullTitle": "Página de cadastro Deve preencher os camps do formulario corretamente para cadastrar um novo usuário",
              "timedOut": null,
              "duration": 4144,
              "state": "passed",
              "speed": "fast",
              "pass": true,
              "fail": false,
              "pending": false,
              "context": null,
              "code": "cy.get('[data-test=\"input-name\"]').clear().type(usuarios.name);\ncy.get('[data-test=\"input-email\"]').clear().type(usuarios.email);\ncy.get('[data-test=\"input-password\"]').clear().type(usuarios.password);\ncy.get('[data-test=\"input-confirm-password\"]').clear().type(usuarios.password);\ncy.get('[data-test=\"submit-button\"]').click();",
              "err": {},
              "uuid": "66b5b3d0-1aeb-47c9-b1a3-03e2d5301534",
              "parentUUID": "f058fafb-7c8e-4026-85e5-09e560946c6c",
              "isHook": false,
              "skipped": false
            },
            {
              "title": "Deve preencher os camps do formulario corretamente para cadastrar um novo usuário",
              "fullTitle": "Página de cadastro Deve preencher os camps do formulario corretamente para cadastrar um novo usuário",
              "timedOut": null,
              "duration": 3651,
              "state": "passed",
              "speed": "fast",
              "pass": true,
              "fail": false,
              "pending": false,
              "context": null,
              "code": "cy.get('[data-test=\"input-name\"]').clear().type(usuarios.name);\ncy.get('[data-test=\"input-email\"]').clear().type(usuarios.email);\ncy.get('[data-test=\"input-password\"]').clear().type(usuarios.password);\ncy.get('[data-test=\"input-confirm-password\"]').clear().type(usuarios.password);\ncy.get('[data-test=\"submit-button\"]').click();",
              "err": {},
              "uuid": "83c6a9d8-a21e-4905-8f09-793b2d907336",
              "parentUUID": "f058fafb-7c8e-4026-85e5-09e560946c6c",
              "isHook": false,
              "skipped": false
            },
            {
              "title": "Deve preencher os camps do formulario corretamente para cadastrar um novo usuário",
              "fullTitle": "Página de cadastro Deve preencher os camps do formulario corretamente para cadastrar um novo usuário",
              "timedOut": null,
              "duration": 3236,
              "state": "passed",
              "speed": "fast",
              "pass": true,
              "fail": false,
              "pending": false,
              "context": null,
              "code": "cy.get('[data-test=\"input-name\"]').clear().type(usuarios.name);\ncy.get('[data-test=\"input-email\"]').clear().type(usuarios.email);\ncy.get('[data-test=\"input-password\"]').clear().type(usuarios.password);\ncy.get('[data-test=\"input-confirm-password\"]').clear().type(usuarios.password);\ncy.get('[data-test=\"submit-button\"]').click();",
              "err": {},
              "uuid": "9468a405-8134-4b05-84ce-3e84d3286d2c",
              "parentUUID": "f058fafb-7c8e-4026-85e5-09e560946c6c",
              "isHook": false,
              "skipped": false
            },
            {
              "title": "Deve preencher os camps do formulario corretamente para cadastrar um novo usuário",
              "fullTitle": "Página de cadastro Deve preencher os camps do formulario corretamente para cadastrar um novo usuário",
              "timedOut": null,
              "duration": 2968,
              "state": "passed",
              "speed": "fast",
              "pass": true,
              "fail": false,
              "pending": false,
              "context": null,
              "code": "cy.get('[data-test=\"input-name\"]').clear().type(usuarios.name);\ncy.get('[data-test=\"input-email\"]').clear().type(usuarios.email);\ncy.get('[data-test=\"input-password\"]').clear().type(usuarios.password);\ncy.get('[data-test=\"input-confirm-password\"]').clear().type(usuarios.password);\ncy.get('[data-test=\"submit-button\"]').click();",
              "err": {},
              "uuid": "11078ac4-8307-45c3-bc62-d96dccd4563e",
              "parentUUID": "f058fafb-7c8e-4026-85e5-09e560946c6c",
              "isHook": false,
              "skipped": false
            }
          ],
          "suites": [],
          "passes": [
            "f92a64f4-8417-4d5b-880f-c7f3a369ac50",
            "900b585c-562c-4826-bec4-094804bb4b1d",
            "66b5b3d0-1aeb-47c9-b1a3-03e2d5301534",
            "83c6a9d8-a21e-4905-8f09-793b2d907336",
            "9468a405-8134-4b05-84ce-3e84d3286d2c",
            "11078ac4-8307-45c3-bc62-d96dccd4563e"
          ],
          "failures": [],
          "pending": [],
          "skipped": [],
          "duration": 21889,
          "root": false,
          "rootEmpty": false,
          "_timeout": 2000
        }
      ],
      "passes": [],
      "failures": [],
      "pending": [],
      "skipped": [],
      "duration": 0,
      "root": true,
      "rootEmpty": true,
      "_timeout": 2000
    }
  ],
  "meta": {
    "mocha": {
      "version": "7.2.0"
    },
    "mochawesome": {
      "options": {
        "quiet": false,
        "reportFilename": "mochawesome",
        "saveHtml": true,
        "saveJson": true,
        "consoleReporter": "spec",
        "useInlineDiffs": false,
        "code": true
      },
      "version": "7.1.4"
    },
    "marge": {
      "options": {
        "reportDir": "cypress/results",
        "overwrite": false,
        "html": true,
        "json": true,
        "timestamp": "mmddyyyy_HHMMss"
      },
      "version": "6.3.0"
    }
  }
}